Build started 2015/3/15 15:44:53.
     1>Project "E:\baiduyundownload\leetcode\leetcode\leetcode.vcxproj" on node 2 (build target(s)).
     1>InitializeBuildStatus:
         Creating "Debug\leetcode.unsuccessfulbuild" because "AlwaysCreate" was specified.
       ClCompile:
         All outputs are up-to-date.
         C:\Program Files (x86)\Microsoft Visual Studio 10.0\VC\bin\CL.exe /c /ZI /nologo /W3 /WX- /Od /Oy- /D WIN32 /D _DEBUG /D _CONSOLE /D _UNICODE /D UNICODE /Gm /EHsc /RTC1 /MDd /GS /fp:precise /Zc:wchar_t /Zc:forScope /Yu"StdAfx.h" /Fp"Debug\leetcode.pch" /Fo"Debug\\" /Fd"Debug\vc100.pdb" /Gd /TP /analyze- /errorReport:prompt leetcode.cpp
         leetcode.cpp
     1>e:\baiduyundownload\leetcode\leetcode\leetcode.cpp(21): warning C4018: '<' : signed/unsigned mismatch
       ManifestResourceCompile:
         All outputs are up-to-date.
       Link:
         C:\Program Files (x86)\Microsoft Visual Studio 10.0\VC\bin\link.exe /ERRORREPORT:PROMPT /OUT:"E:\baiduyundownload\leetcode\Debug\leetcode.exe" /INCREMENTAL /NOLOGO kernel32.lib user32.lib gdi32.lib winspool.lib comdlg32.lib advapi32.lib shell32.lib ole32.lib oleaut32.lib uuid.lib odbc32.lib odbccp32.lib /MANIFEST /ManifestFile:"Debug\leetcode.exe.intermediate.manifest" /MANIFESTUAC:"level='asInvoker' uiAccess='false'" /DEBUG /PDB:"E:\baiduyundownload\leetcode\Debug\leetcode.pdb" /SUBSYSTEM:CONSOLE /TLBID:1 /DYNAMICBASE /NXCOMPAT /IMPLIB:"E:\baiduyundownload\leetcode\Debug\leetcode.lib" /MACHINE:X86 Debug\leetcode.exe.embed.manifest.res
         Debug\leetcode.obj
         Debug\stdafx.obj
       Manifest:
         C:\Program Files (x86)\Microsoft SDKs\Windows\v7.0A\bin\mt.exe /nologo /verbose /out:"Debug\leetcode.exe.embed.manifest" /manifest Debug\leetcode.exe.intermediate.manifest
         All outputs are up-to-date.
       LinkEmbedManifest:
         All outputs are up-to-date.
         leetcode.vcxproj -> E:\baiduyundownload\leetcode\Debug\leetcode.exe
       FinalizeBuildStatus:
         Deleting file "Debug\leetcode.unsuccessfulbuild".
         Touching "Debug\leetcode.lastbuildstate".
     1>Done Building Project "E:\baiduyundownload\leetcode\leetcode\leetcode.vcxproj" (build target(s)).

Build succeeded.

Time Elapsed 00:00:00.85
